-------------------------------------------------------------------------------
Test set: Controller.editSongControllerTest
-------------------------------------------------------------------------------
Tests run: 2, Failures: 0, Errors: 2, Skipped: 0, Time elapsed: 1.68 sec <<< FAILURE!
initDataAndRenderContent(Controller.editSongControllerTest)  Time elapsed: 1.093 sec  <<< ERROR!
java.lang.RuntimeException: java.util.concurrent.ExecutionException: java.lang.NullPointerException: Cannot invoke "javafx.scene.Node.getLayoutBounds()" because "this.textNode" is null
	at org.testfx.util.WaitForAsyncUtils.waitFor(WaitForAsyncUtils.java:302)
	at org.testfx.api.FxToolkit.waitForSetup(FxToolkit.java:245)
	at org.testfx.api.FxToolkit.setupApplication(FxToolkit.java:153)
	at org.testfx.framework.junit.ApplicationTest.internalBefore(ApplicationTest.java:86)
	at java.base/jdk.internal.reflect.NativeMethodAccessorImpl.invoke0(Native Method)
	at java.base/jdk.internal.reflect.NativeMethodAccessorImpl.invoke(NativeMethodAccessorImpl.java:78)
	at java.base/jdk.internal.reflect.DelegatingMethodAccessorImpl.invoke(DelegatingMethodAccessorImpl.java:43)
	at java.base/java.lang.reflect.Method.invoke(Method.java:567)
	at org.junit.runners.model.FrameworkMethod$1.runReflectiveCall(FrameworkMethod.java:59)
	at org.junit.internal.runners.model.ReflectiveCallable.run(ReflectiveCallable.java:12)
	at org.junit.runners.model.FrameworkMethod.invokeExplosively(FrameworkMethod.java:56)
	at org.junit.internal.runners.statements.RunBefores.invokeMethod(RunBefores.java:33)
	at org.junit.internal.runners.statements.RunBefores.evaluate(RunBefores.java:24)
	at org.junit.internal.runners.statements.RunAfters.evaluate(RunAfters.java:27)
	at org.junit.runners.ParentRunner$3.evaluate(ParentRunner.java:305)
	at org.junit.runners.BlockJUnit4ClassRunner$1.evaluate(BlockJUnit4ClassRunner.java:100)
	at org.junit.runners.ParentRunner.runLeaf(ParentRunner.java:365)
	at org.junit.runners.BlockJUnit4ClassRunner.runChild(BlockJUnit4ClassRunner.java:103)
	at org.junit.runners.BlockJUnit4ClassRunner.runChild(BlockJUnit4ClassRunner.java:63)
	at org.junit.runners.ParentRunner$4.run(ParentRunner.java:330)
	at org.junit.runners.ParentRunner$1.schedule(ParentRunner.java:78)
	at org.junit.runners.ParentRunner.runChildren(ParentRunner.java:328)
	at org.junit.runners.ParentRunner.access$100(ParentRunner.java:65)
	at org.junit.runners.ParentRunner$2.evaluate(ParentRunner.java:292)
	at org.junit.runners.ParentRunner$3.evaluate(ParentRunner.java:305)
	at org.junit.runners.ParentRunner.run(ParentRunner.java:412)
	at org.apache.maven.surefire.junit4.JUnit4Provider.execute(JUnit4Provider.java:252)
	at org.apache.maven.surefire.junit4.JUnit4Provider.executeTestSet(JUnit4Provider.java:141)
	at org.apache.maven.surefire.junit4.JUnit4Provider.invoke(JUnit4Provider.java:112)
	at java.base/jdk.internal.reflect.NativeMethodAccessorImpl.invoke0(Native Method)
	at java.base/jdk.internal.reflect.NativeMethodAccessorImpl.invoke(NativeMethodAccessorImpl.java:78)
	at java.base/jdk.internal.reflect.DelegatingMethodAccessorImpl.invoke(DelegatingMethodAccessorImpl.java:43)
	at java.base/java.lang.reflect.Method.invoke(Method.java:567)
	at org.apache.maven.surefire.util.ReflectionUtils.invokeMethodWithArray(ReflectionUtils.java:189)
	at org.apache.maven.surefire.booter.ProviderFactory$ProviderProxy.invoke(ProviderFactory.java:165)
	at org.apache.maven.surefire.booter.ProviderFactory.invokeProvider(ProviderFactory.java:85)
	at org.apache.maven.surefire.booter.ForkedBooter.runSuitesInProcess(ForkedBooter.java:115)
	at org.apache.maven.surefire.booter.ForkedBooter.main(ForkedBooter.java:75)
Caused by: java.util.concurrent.ExecutionException: java.lang.NullPointerException: Cannot invoke "javafx.scene.Node.getLayoutBounds()" because "this.textNode" is null
	at java.base/java.util.concurrent.FutureTask.report(FutureTask.java:122)
	at java.base/java.util.concurrent.FutureTask.get(FutureTask.java:191)
	at org.testfx.util.WaitForAsyncUtils$ASyncFXCallable.get(WaitForAsyncUtils.java:697)
	at org.testfx.toolkit.impl.ToolkitServiceImpl.lambda$setupApplication$6(ToolkitServiceImpl.java:127)
	at java.base/java.util.concurrent.FutureTask.run(FutureTask.java:264)
	at java.base/java.util.concurrent.Executors$RunnableAdapter.call(Executors.java:515)
	at java.base/java.util.concurrent.FutureTask.run(FutureTask.java:264)
	at java.base/java.util.concurrent.ThreadPoolExecutor.runWorker(ThreadPoolExecutor.java:1130)
	at java.base/java.util.concurrent.ThreadPoolExecutor$Worker.run(ThreadPoolExecutor.java:630)
	at java.base/java.lang.Thread.run(Thread.java:831)
Caused by: java.lang.NullPointerException: Cannot invoke "javafx.scene.Node.getLayoutBounds()" because "this.textNode" is null
	at com.jfoenix.skins.JFXTextFieldSkin.updateTextPos(JFXTextFieldSkin.java:109)
	at com.jfoenix.skins.JFXTextFieldSkin.layoutChildren(JFXTextFieldSkin.java:93)
	at javafx.scene.control.Control.layoutChildren(Control.java:601)
	at javafx.scene.Parent.layout(Parent.java:1204)
	at javafx.scene.Parent.layout(Parent.java:1211)
	at javafx.scene.Scene.doLayoutPass(Scene.java:576)
	at javafx.scene.Scene.preferredSize(Scene.java:1748)
	at javafx.scene.Scene$2.preferredSize(Scene.java:393)
	at com.sun.javafx.scene.SceneHelper.preferredSize(SceneHelper.java:66)
	at javafx.stage.Window$12.invalidated(Window.java:1086)
	at javafx.beans.property.BooleanPropertyBase.markInvalid(BooleanPropertyBase.java:110)
	at javafx.beans.property.BooleanPropertyBase.set(BooleanPropertyBase.java:145)
	at javafx.stage.Window.setShowing(Window.java:1174)
	at javafx.stage.Window.show(Window.java:1189)
	at javafx.stage.Stage.show(Stage.java:273)
	at Controller.editSongControllerTest.start(editSongControllerTest.java:37)
	at org.testfx.framework.junit.ApplicationAdapter.start(ApplicationAdapter.java:41)
	at org.testfx.toolkit.impl.ApplicationServiceImpl.lambda$start$0(ApplicationServiceImpl.java:49)
	at java.base/java.util.concurrent.FutureTask.run(FutureTask.java:264)
	at com.sun.javafx.application.PlatformImpl.lambda$runLater$10(PlatformImpl.java:428)
	at java.base/java.security.AccessController.doPrivileged(AccessController.java:391)
	at com.sun.javafx.application.PlatformImpl.lambda$runLater$11(PlatformImpl.java:427)
	at com.sun.glass.ui.InvokeLaterDispatcher$Future.run(InvokeLaterDispatcher.java:96)
	at com.sun.glass.ui.win.WinApplication._runLoop(Native Method)
	at com.sun.glass.ui.win.WinApplication.lambda$runLoop$3(WinApplication.java:174)
	... 1 more

initialize(Controller.editSongControllerTest)  Time elapsed: 0.583 sec  <<< ERROR!
java.lang.RuntimeException: java.util.concurrent.ExecutionException: java.lang.NullPointerException: Cannot invoke "javafx.scene.Node.getLayoutBounds()" because "this.textNode" is null
	at org.testfx.util.WaitForAsyncUtils.waitFor(WaitForAsyncUtils.java:302)
	at org.testfx.api.FxToolkit.waitForSetup(FxToolkit.java:245)
	at org.testfx.api.FxToolkit.setupApplication(FxToolkit.java:153)
	at org.testfx.framework.junit.ApplicationTest.internalBefore(ApplicationTest.java:86)
	at java.base/jdk.internal.reflect.NativeMethodAccessorImpl.invoke0(Native Method)
	at java.base/jdk.internal.reflect.NativeMethodAccessorImpl.invoke(NativeMethodAccessorImpl.java:78)
	at java.base/jdk.internal.reflect.DelegatingMethodAccessorImpl.invoke(DelegatingMethodAccessorImpl.java:43)
	at java.base/java.lang.reflect.Method.invoke(Method.java:567)
	at org.junit.runners.model.FrameworkMethod$1.runReflectiveCall(FrameworkMethod.java:59)
	at org.junit.internal.runners.model.ReflectiveCallable.run(ReflectiveCallable.java:12)
	at org.junit.runners.model.FrameworkMethod.invokeExplosively(FrameworkMethod.java:56)
	at org.junit.internal.runners.statements.RunBefores.invokeMethod(RunBefores.java:33)
	at org.junit.internal.runners.statements.RunBefores.evaluate(RunBefores.java:24)
	at org.junit.internal.runners.statements.RunAfters.evaluate(RunAfters.java:27)
	at org.junit.runners.ParentRunner$3.evaluate(ParentRunner.java:305)
	at org.junit.runners.BlockJUnit4ClassRunner$1.evaluate(BlockJUnit4ClassRunner.java:100)
	at org.junit.runners.ParentRunner.runLeaf(ParentRunner.java:365)
	at org.junit.runners.BlockJUnit4ClassRunner.runChild(BlockJUnit4ClassRunner.java:103)
	at org.junit.runners.BlockJUnit4ClassRunner.runChild(BlockJUnit4ClassRunner.java:63)
	at org.junit.runners.ParentRunner$4.run(ParentRunner.java:330)
	at org.junit.runners.ParentRunner$1.schedule(ParentRunner.java:78)
	at org.junit.runners.ParentRunner.runChildren(ParentRunner.java:328)
	at org.junit.runners.ParentRunner.access$100(ParentRunner.java:65)
	at org.junit.runners.ParentRunner$2.evaluate(ParentRunner.java:292)
	at org.junit.runners.ParentRunner$3.evaluate(ParentRunner.java:305)
	at org.junit.runners.ParentRunner.run(ParentRunner.java:412)
	at org.apache.maven.surefire.junit4.JUnit4Provider.execute(JUnit4Provider.java:252)
	at org.apache.maven.surefire.junit4.JUnit4Provider.executeTestSet(JUnit4Provider.java:141)
	at org.apache.maven.surefire.junit4.JUnit4Provider.invoke(JUnit4Provider.java:112)
	at java.base/jdk.internal.reflect.NativeMethodAccessorImpl.invoke0(Native Method)
	at java.base/jdk.internal.reflect.NativeMethodAccessorImpl.invoke(NativeMethodAccessorImpl.java:78)
	at java.base/jdk.internal.reflect.DelegatingMethodAccessorImpl.invoke(DelegatingMethodAccessorImpl.java:43)
	at java.base/java.lang.reflect.Method.invoke(Method.java:567)
	at org.apache.maven.surefire.util.ReflectionUtils.invokeMethodWithArray(ReflectionUtils.java:189)
	at org.apache.maven.surefire.booter.ProviderFactory$ProviderProxy.invoke(ProviderFactory.java:165)
	at org.apache.maven.surefire.booter.ProviderFactory.invokeProvider(ProviderFactory.java:85)
	at org.apache.maven.surefire.booter.ForkedBooter.runSuitesInProcess(ForkedBooter.java:115)
	at org.apache.maven.surefire.booter.ForkedBooter.main(ForkedBooter.java:75)
Caused by: java.util.concurrent.ExecutionException: java.lang.NullPointerException: Cannot invoke "javafx.scene.Node.getLayoutBounds()" because "this.textNode" is null
	at java.base/java.util.concurrent.FutureTask.report(FutureTask.java:122)
	at java.base/java.util.concurrent.FutureTask.get(FutureTask.java:191)
	at org.testfx.util.WaitForAsyncUtils$ASyncFXCallable.get(WaitForAsyncUtils.java:697)
	at org.testfx.toolkit.impl.ToolkitServiceImpl.lambda$setupApplication$6(ToolkitServiceImpl.java:127)
	at java.base/java.util.concurrent.FutureTask.run(FutureTask.java:264)
	at java.base/java.util.concurrent.Executors$RunnableAdapter.call(Executors.java:515)
	at java.base/java.util.concurrent.FutureTask.run(FutureTask.java:264)
	at java.base/java.util.concurrent.ThreadPoolExecutor.runWorker(ThreadPoolExecutor.java:1130)
	at java.base/java.util.concurrent.ThreadPoolExecutor$Worker.run(ThreadPoolExecutor.java:630)
	at java.base/java.lang.Thread.run(Thread.java:831)
Caused by: java.lang.NullPointerException: Cannot invoke "javafx.scene.Node.getLayoutBounds()" because "this.textNode" is null
	at com.jfoenix.skins.JFXTextFieldSkin.updateTextPos(JFXTextFieldSkin.java:109)
	at com.jfoenix.skins.JFXTextFieldSkin.layoutChildren(JFXTextFieldSkin.java:93)
	at javafx.scene.control.Control.layoutChildren(Control.java:601)
	at javafx.scene.Parent.layout(Parent.java:1204)
	at javafx.scene.Parent.layout(Parent.java:1211)
	at javafx.scene.Scene.doLayoutPass(Scene.java:576)
	at javafx.scene.Scene.preferredSize(Scene.java:1748)
	at javafx.scene.Scene$2.preferredSize(Scene.java:393)
	at com.sun.javafx.scene.SceneHelper.preferredSize(SceneHelper.java:66)
	at javafx.stage.Window$12.invalidated(Window.java:1086)
	at javafx.beans.property.BooleanPropertyBase.markInvalid(BooleanPropertyBase.java:110)
	at javafx.beans.property.BooleanPropertyBase.set(BooleanPropertyBase.java:145)
	at javafx.stage.Window.setShowing(Window.java:1174)
	at javafx.stage.Window.show(Window.java:1189)
	at javafx.stage.Stage.show(Stage.java:273)
	at Controller.editSongControllerTest.start(editSongControllerTest.java:37)
	at org.testfx.framework.junit.ApplicationAdapter.start(ApplicationAdapter.java:41)
	at org.testfx.toolkit.impl.ApplicationServiceImpl.lambda$start$0(ApplicationServiceImpl.java:49)
	at java.base/java.util.concurrent.FutureTask.run(FutureTask.java:264)
	at com.sun.javafx.application.PlatformImpl.lambda$runLater$10(PlatformImpl.java:428)
	at java.base/java.security.AccessController.doPrivileged(AccessController.java:391)
	at com.sun.javafx.application.PlatformImpl.lambda$runLater$11(PlatformImpl.java:427)
	at com.sun.glass.ui.InvokeLaterDispatcher$Future.run(InvokeLaterDispatcher.java:96)
	at com.sun.glass.ui.win.WinApplication._runLoop(Native Method)
	at com.sun.glass.ui.win.WinApplication.lambda$runLoop$3(WinApplication.java:174)
	... 1 more

