<?xml version="1.0" encoding="UTF-8" ?>
<testsuite tests="2" failures="0" name="Controller.editSongControllerTest" time="1.676" errors="2" skipped="0">
  <properties>
[...]
</properties>
  <testcase classname="Controller.editSongControllerTest" name="initDataAndRenderContent" time="1.093">
    <error message="java.util.concurrent.ExecutionException: java.lang.NullPointerException: Cannot invoke &quot;javafx.scene.Node.getLayoutBounds()&quot; because &quot;this.textNode&quot; is null" type="java.lang.RuntimeException">java.lang.RuntimeException: java.util.concurrent.ExecutionException: java.lang.NullPointerException: Cannot invoke &quot;javafx.scene.Node.getLayoutBounds()&quot; because &quot;this.textNode&quot; is null
	at org.testfx.util.WaitForAsyncUtils.waitFor(WaitForAsyncUtils.java:302)
	at org.testfx.api.FxToolkit.waitForSetup(FxToolkit.java:245)
	at org.testfx.api.FxToolkit.setupApplication(FxToolkit.java:153)
	at org.testfx.framework.junit.ApplicationTest.internalBefore(ApplicationTest.java:86)
	at java.base/jdk.internal.reflect.NativeMethodAccessorImpl.invoke0(Native Method)
	at java.base/jdk.internal.reflect.NativeMethodAccessorImpl.invoke(NativeMethodAccessorImpl.java:78)
	at java.base/jdk.internal.reflect.DelegatingMethodAccessorImpl.invoke(DelegatingMethodAccessorImpl.java:43)
	at java.base/java.lang.reflect.Method.invoke(Method.java:567)
	at org.junit.runners.model.FrameworkMethod$1.runReflectiveCall(FrameworkMethod.java:59)
	at org.junit.internal.runners.model.ReflectiveCallable.run(ReflectiveCallable.java:12)
	at org.junit.runners.model.FrameworkMethod.invokeExplosively(FrameworkMethod.java:56)
	at org.junit.internal.runners.statements.RunBefores.invokeMethod(RunBefores.java:33)
	at org.junit.internal.runners.statements.RunBefores.evaluate(RunBefores.java:24)
	at org.junit.internal.runners.statements.RunAfters.evaluate(RunAfters.java:27)
	at org.junit.runners.ParentRunner$3.evaluate(ParentRunner.java:305)
	at org.junit.runners.BlockJUnit4ClassRunner$1.evaluate(BlockJUnit4ClassRunner.java:100)
	at org.junit.runners.ParentRunner.runLeaf(ParentRunner.java:365)
	at org.junit.runners.BlockJUnit4ClassRunner.runChild(BlockJUnit4ClassRunner.java:103)
	at org.junit.runners.BlockJUnit4ClassRunner.runChild(BlockJUnit4ClassRunner.java:63)
	at org.junit.runners.ParentRunner$4.run(ParentRunner.java:330)
	at org.junit.runners.ParentRunner$1.schedule(ParentRunner.java:78)
	at org.junit.runners.ParentRunner.runChildren(ParentRunner.java:328)
	at org.junit.runners.ParentRunner.access$100(ParentRunner.java:65)
	at org.junit.runners.ParentRunner$2.evaluate(ParentRunner.java:292)
	at org.junit.runners.ParentRunner$3.evaluate(ParentRunner.java:305)
	at org.junit.runners.ParentRunner.run(ParentRunner.java:412)
	at org.apache.maven.surefire.junit4.JUnit4Provider.execute(JUnit4Provider.java:252)
	at org.apache.maven.surefire.junit4.JUnit4Provider.executeTestSet(JUnit4Provider.java:141)
	at org.apache.maven.surefire.junit4.JUnit4Provider.invoke(JUnit4Provider.java:112)
	at java.base/jdk.internal.reflect.NativeMethodAccessorImpl.invoke0(Native Method)
	at java.base/jdk.internal.reflect.NativeMethodAccessorImpl.invoke(NativeMethodAccessorImpl.java:78)
	at java.base/jdk.internal.reflect.DelegatingMethodAccessorImpl.invoke(DelegatingMethodAccessorImpl.java:43)
	at java.base/java.lang.reflect.Method.invoke(Method.java:567)
	at org.apache.maven.surefire.util.ReflectionUtils.invokeMethodWithArray(ReflectionUtils.java:189)
	at org.apache.maven.surefire.booter.ProviderFactory$ProviderProxy.invoke(ProviderFactory.java:165)
	at org.apache.maven.surefire.booter.ProviderFactory.invokeProvider(ProviderFactory.java:85)
	at org.apache.maven.surefire.booter.ForkedBooter.runSuitesInProcess(ForkedBooter.java:115)
	at org.apache.maven.surefire.booter.ForkedBooter.main(ForkedBooter.java:75)
Caused by: java.util.concurrent.ExecutionException: java.lang.NullPointerException: Cannot invoke &quot;javafx.scene.Node.getLayoutBounds()&quot; because &quot;this.textNode&quot; is null
	at java.base/java.util.concurrent.FutureTask.report(FutureTask.java:122)
	at java.base/java.util.concurrent.FutureTask.get(FutureTask.java:191)
	at org.testfx.util.WaitForAsyncUtils$ASyncFXCallable.get(WaitForAsyncUtils.java:697)
	at org.testfx.toolkit.impl.ToolkitServiceImpl.lambda$setupApplication$6(ToolkitServiceImpl.java:127)
	at java.base/java.util.concurrent.FutureTask.run(FutureTask.java:264)
	at java.base/java.util.concurrent.Executors$RunnableAdapter.call(Executors.java:515)
	at java.base/java.util.concurrent.FutureTask.run(FutureTask.java:264)
	at java.base/java.util.concurrent.ThreadPoolExecutor.runWorker(ThreadPoolExecutor.java:1130)
	at java.base/java.util.concurrent.ThreadPoolExecutor$Worker.run(ThreadPoolExecutor.java:630)
	at java.base/java.lang.Thread.run(Thread.java:831)
Caused by: java.lang.NullPointerException: Cannot invoke &quot;javafx.scene.Node.getLayoutBounds()&quot; because &quot;this.textNode&quot; is null
	at com.jfoenix.skins.JFXTextFieldSkin.updateTextPos(JFXTextFieldSkin.java:109)
	at com.jfoenix.skins.JFXTextFieldSkin.layoutChildren(JFXTextFieldSkin.java:93)
	at javafx.scene.control.Control.layoutChildren(Control.java:601)
	at javafx.scene.Parent.layout(Parent.java:1204)
	at javafx.scene.Parent.layout(Parent.java:1211)
	at javafx.scene.Scene.doLayoutPass(Scene.java:576)
	at javafx.scene.Scene.preferredSize(Scene.java:1748)
	at javafx.scene.Scene$2.preferredSize(Scene.java:393)
	at com.sun.javafx.scene.SceneHelper.preferredSize(SceneHelper.java:66)
	at javafx.stage.Window$12.invalidated(Window.java:1086)
	at javafx.beans.property.BooleanPropertyBase.markInvalid(BooleanPropertyBase.java:110)
	at javafx.beans.property.BooleanPropertyBase.set(BooleanPropertyBase.java:145)
	at javafx.stage.Window.setShowing(Window.java:1174)
	at javafx.stage.Window.show(Window.java:1189)
	at javafx.stage.Stage.show(Stage.java:273)
	at Controller.editSongControllerTest.start(editSongControllerTest.java:37)
	at org.testfx.framework.junit.ApplicationAdapter.start(ApplicationAdapter.java:41)
	at org.testfx.toolkit.impl.ApplicationServiceImpl.lambda$start$0(ApplicationServiceImpl.java:49)
	at java.base/java.util.concurrent.FutureTask.run(FutureTask.java:264)
	at com.sun.javafx.application.PlatformImpl.lambda$runLater$10(PlatformImpl.java:428)
	at java.base/java.security.AccessController.doPrivileged(AccessController.java:391)
	at com.sun.javafx.application.PlatformImpl.lambda$runLater$11(PlatformImpl.java:427)
	at com.sun.glass.ui.InvokeLaterDispatcher$Future.run(InvokeLaterDispatcher.java:96)
	at com.sun.glass.ui.win.WinApplication._runLoop(Native Method)
	at com.sun.glass.ui.win.WinApplication.lambda$runLoop$3(WinApplication.java:174)
	... 1 more
</error>
    <system-err>java.lang.IllegalAccessException: class com.jfoenix.skins.JFXTextFieldSkin cannot access a member of class javafx.scene.control.skin.TextFieldSkin with modifiers &quot;private&quot;
	at java.base/jdk.internal.reflect.Reflection.newIllegalAccessException(Reflection.java:385)
	at java.base/java.lang.reflect.AccessibleObject.checkAccess(AccessibleObject.java:687)
	at java.base/java.lang.reflect.Field.checkAccess(Field.java:1096)
	at java.base/java.lang.reflect.Field.get(Field.java:417)
	at com.jfoenix.skins.JFXTextFieldSkin.createPromptNode(JFXTextFieldSkin.java:152)
	at com.jfoenix.skins.JFXTextFieldSkin.lambda$new$1(JFXTextFieldSkin.java:70)
	at com.jfoenix.skins.PromptLinesWrapper.init(PromptLinesWrapper.java:121)
	at com.jfoenix.skins.JFXTextFieldSkin.&lt;init&gt;(JFXTextFieldSkin.java:70)
	at com.jfoenix.controls.JFXTextField.createDefaultSkin(JFXTextField.java:70)
	at javafx.scene.control.Control.doProcessCSS(Control.java:897)
	at javafx.scene.control.Control.access$000(Control.java:83)
	at javafx.scene.control.Control$1.doProcessCSS(Control.java:89)
	at com.sun.javafx.scene.control.ControlHelper.processCSSImpl(ControlHelper.java:67)
	at com.sun.javafx.scene.NodeHelper.processCSS(NodeHelper.java:145)
	at javafx.scene.Parent.doProcessCSS(Parent.java:1397)
	at javafx.scene.Parent.access$400(Parent.java:79)
	at javafx.scene.Parent$1.doProcessCSS(Parent.java:125)
	at com.sun.javafx.scene.ParentHelper.processCSSImpl(ParentHelper.java:98)
	at com.sun.javafx.scene.NodeHelper.processCSS(NodeHelper.java:145)
	at javafx.scene.Node.processCSS(Node.java:9529)
	at javafx.scene.Scene.doCSSPass(Scene.java:569)
	at javafx.scene.Scene.preferredSize(Scene.java:1745)
	at javafx.scene.Scene$2.preferredSize(Scene.java:393)
	at com.sun.javafx.scene.SceneHelper.preferredSize(SceneHelper.java:66)
	at javafx.stage.Window$12.invalidated(Window.java:1086)
	at javafx.beans.property.BooleanPropertyBase.markInvalid(BooleanPropertyBase.java:110)
	at javafx.beans.property.BooleanPropertyBase.set(BooleanPropertyBase.java:145)
	at javafx.stage.Window.setShowing(Window.java:1174)
	at javafx.stage.Window.show(Window.java:1189)
	at javafx.stage.Stage.show(Stage.java:273)
	at Controller.editSongControllerTest.start(editSongControllerTest.java:37)
	at org.testfx.framework.junit.ApplicationAdapter.start(ApplicationAdapter.java:41)
	at org.testfx.toolkit.impl.ApplicationServiceImpl.lambda$start$0(ApplicationServiceImpl.java:49)
	at java.base/java.util.concurrent.FutureTask.run(FutureTask.java:264)
	at com.sun.javafx.application.PlatformImpl.lambda$runLater$10(PlatformImpl.java:428)
	at java.base/java.security.AccessController.doPrivileged(AccessController.java:391)
	at com.sun.javafx.application.PlatformImpl.lambda$runLater$11(PlatformImpl.java:427)
	at com.sun.glass.ui.InvokeLaterDispatcher$Future.run(InvokeLaterDispatcher.java:96)
	at com.sun.glass.ui.win.WinApplication._runLoop(Native Method)
	at com.sun.glass.ui.win.WinApplication.lambda$runLoop$3(WinApplication.java:174)
	at java.base/java.lang.Thread.run(Thread.java:831)
java.lang.IllegalAccessException: class com.jfoenix.skins.JFXTextFieldSkin cannot access a member of class javafx.scene.control.skin.TextFieldSkin with modifiers &quot;private&quot;
	at java.base/jdk.internal.reflect.Reflection.newIllegalAccessException(Reflection.java:385)
	at java.base/java.lang.reflect.AccessibleObject.checkAccess(AccessibleObject.java:687)
	at java.base/java.lang.reflect.Field.checkAccess(Field.java:1096)
	at java.base/java.lang.reflect.Field.get(Field.java:417)
	at com.jfoenix.skins.JFXTextFieldSkin.createPromptNode(JFXTextFieldSkin.java:152)
	at com.jfoenix.skins.JFXTextFieldSkin.lambda$new$1(JFXTextFieldSkin.java:70)
	at com.jfoenix.skins.PromptLinesWrapper.init(PromptLinesWrapper.java:121)
	at com.jfoenix.skins.JFXTextFieldSkin.&lt;init&gt;(JFXTextFieldSkin.java:70)
	at com.jfoenix.controls.JFXTextField.createDefaultSkin(JFXTextField.java:70)
	at javafx.scene.control.Control.doProcessCSS(Control.java:897)
	at javafx.scene.control.Control.access$000(Control.java:83)
	at javafx.scene.control.Control$1.doProcessCSS(Control.java:89)
	at com.sun.javafx.scene.control.ControlHelper.processCSSImpl(ControlHelper.java:67)
	at com.sun.javafx.scene.NodeHelper.processCSS(NodeHelper.java:145)
	at javafx.scene.Parent.doProcessCSS(Parent.java:1397)
	at javafx.scene.Parent.access$400(Parent.java:79)
	at javafx.scene.Parent$1.doProcessCSS(Parent.java:125)
	at com.sun.javafx.scene.ParentHelper.processCSSImpl(ParentHelper.java:98)
	at com.sun.javafx.scene.NodeHelper.processCSS(NodeHelper.java:145)
	at javafx.scene.Node.processCSS(Node.java:9529)
	at javafx.scene.Scene.doCSSPass(Scene.java:569)
	at javafx.scene.Scene.preferredSize(Scene.java:1745)
	at javafx.scene.Scene$2.preferredSize(Scene.java:393)
	at com.sun.javafx.scene.SceneHelper.preferredSize(SceneHelper.java:66)
	at javafx.stage.Window$12.invalidated(Window.java:1086)
	at javafx.beans.property.BooleanPropertyBase.markInvalid(BooleanPropertyBase.java:110)
	at javafx.beans.property.BooleanPropertyBase.set(BooleanPropertyBase.java:145)
	at javafx.stage.Window.setShowing(Window.java:1174)
	at javafx.stage.Window.show(Window.java:1189)
	at javafx.stage.Stage.show(Stage.java:273)
	at Controller.editSongControllerTest.start(editSongControllerTest.java:37)
	at org.testfx.framework.junit.ApplicationAdapter.start(ApplicationAdapter.java:41)
	at org.testfx.toolkit.impl.ApplicationServiceImpl.lambda$start$0(ApplicationServiceImpl.java:49)
	at java.base/java.util.concurrent.FutureTask.run(FutureTask.java:264)
	at com.sun.javafx.application.PlatformImpl.lambda$runLater$10(PlatformImpl.java:428)
	at java.base/java.security.AccessController.doPrivileged(AccessController.java:391)
	at com.sun.javafx.application.PlatformImpl.lambda$runLater$11(PlatformImpl.java:427)
	at com.sun.glass.ui.InvokeLaterDispatcher$Future.run(InvokeLaterDispatcher.java:96)
	at com.sun.glass.ui.win.WinApplication._runLoop(Native Method)
	at com.sun.glass.ui.win.WinApplication.lambda$runLoop$3(WinApplication.java:174)
	at java.base/java.lang.Thread.run(Thread.java:831)
java.lang.IllegalAccessException: class com.jfoenix.skins.JFXTextFieldSkin cannot access a member of class javafx.scene.control.skin.TextFieldSkin with modifiers &quot;private&quot;
	at java.base/jdk.internal.reflect.Reflection.newIllegalAccessException(Reflection.java:385)
	at java.base/java.lang.reflect.AccessibleObject.checkAccess(AccessibleObject.java:687)
	at java.base/java.lang.reflect.Field.checkAccess(Field.java:1096)
	at java.base/java.lang.reflect.Field.get(Field.java:417)
	at com.jfoenix.skins.JFXTextFieldSkin.createPromptNode(JFXTextFieldSkin.java:152)
	at com.jfoenix.skins.JFXTextFieldSkin.lambda$new$1(JFXTextFieldSkin.java:70)
	at com.jfoenix.skins.PromptLinesWrapper.init(PromptLinesWrapper.java:121)
	at com.jfoenix.skins.JFXTextFieldSkin.&lt;init&gt;(JFXTextFieldSkin.java:70)
	at com.jfoenix.controls.JFXTextField.createDefaultSkin(JFXTextField.java:70)
	at javafx.scene.control.Control.doProcessCSS(Control.java:897)
	at javafx.scene.control.Control.access$000(Control.java:83)
	at javafx.scene.control.Control$1.doProcessCSS(Control.java:89)
	at com.sun.javafx.scene.control.ControlHelper.processCSSImpl(ControlHelper.java:67)
	at com.sun.javafx.scene.NodeHelper.processCSS(NodeHelper.java:145)
	at javafx.scene.Parent.doProcessCSS(Parent.java:1397)
	at javafx.scene.Parent.access$400(Parent.java:79)
	at javafx.scene.Parent$1.doProcessCSS(Parent.java:125)
	at com.sun.javafx.scene.ParentHelper.processCSSImpl(ParentHelper.java:98)
	at com.sun.javafx.scene.NodeHelper.processCSS(NodeHelper.java:145)
	at javafx.scene.Node.processCSS(Node.java:9529)
	at javafx.scene.Scene.doCSSPass(Scene.java:569)
	at javafx.scene.Scene.preferredSize(Scene.java:1745)
	at javafx.scene.Scene$2.preferredSize(Scene.java:393)
	at com.sun.javafx.scene.SceneHelper.preferredSize(SceneHelper.java:66)
	at javafx.stage.Window$12.invalidated(Window.java:1086)
	at javafx.beans.property.BooleanPropertyBase.markInvalid(BooleanPropertyBase.java:110)
	at javafx.beans.property.BooleanPropertyBase.set(BooleanPropertyBase.java:145)
	at javafx.stage.Window.setShowing(Window.java:1174)
	at javafx.stage.Window.show(Window.java:1189)
	at javafx.stage.Stage.show(Stage.java:273)
	at Controller.editSongControllerTest.start(editSongControllerTest.java:37)
	at org.testfx.framework.junit.ApplicationAdapter.start(ApplicationAdapter.java:41)
	at org.testfx.toolkit.impl.ApplicationServiceImpl.lambda$start$0(ApplicationServiceImpl.java:49)
	at java.base/java.util.concurrent.FutureTask.run(FutureTask.java:264)
	at com.sun.javafx.application.PlatformImpl.lambda$runLater$10(PlatformImpl.java:428)
	at java.base/java.security.AccessController.doPrivileged(AccessController.java:391)
	at com.sun.javafx.application.PlatformImpl.lambda$runLater$11(PlatformImpl.java:427)
	at com.sun.glass.ui.InvokeLaterDispatcher$Future.run(InvokeLaterDispatcher.java:96)
	at com.sun.glass.ui.win.WinApplication._runLoop(Native Method)
	at com.sun.glass.ui.win.WinApplication.lambda$runLoop$3(WinApplication.java:174)
	at java.base/java.lang.Thread.run(Thread.java:831)
--- Exception in Async Thread ---
java.lang.NullPointerException: Cannot invoke &quot;javafx.scene.Node.getLayoutBounds()&quot; because &quot;this.textNode&quot; is null
	com.jfoenix.skins.JFXTextFieldSkin.updateTextPos(JFXTextFieldSkin.java:109)
	com.jfoenix.skins.JFXTextFieldSkin.layoutChildren(JFXTextFieldSkin.java:93)
	javafx.scene.control.Control.layoutChildren(Control.java:601)
	javafx.scene.Parent.layout(Parent.java:1204)
	javafx.scene.Parent.layout(Parent.java:1211)
	javafx.scene.Scene.doLayoutPass(Scene.java:576)
	javafx.scene.Scene.preferredSize(Scene.java:1748)
	javafx.scene.Scene$2.preferredSize(Scene.java:393)
	com.sun.javafx.scene.SceneHelper.preferredSize(SceneHelper.java:66)
	javafx.stage.Window$12.invalidated(Window.java:1086)
	javafx.beans.property.BooleanPropertyBase.markInvalid(BooleanPropertyBase.java:110)
	javafx.beans.property.BooleanPropertyBase.set(BooleanPropertyBase.java:145)
	javafx.stage.Window.setShowing(Window.java:1174)
	javafx.stage.Window.show(Window.java:1189)
	javafx.stage.Stage.show(Stage.java:273)
	Controller.editSongControllerTest.start(editSongControllerTest.java:37)
	org.testfx.framework.junit.ApplicationAdapter.start(ApplicationAdapter.java:41)
	org.testfx.toolkit.impl.ApplicationServiceImpl.lambda$start$0(ApplicationServiceImpl.java:49)
	java.base/java.util.concurrent.FutureTask.run(FutureTask.java:264)
	com.sun.javafx.application.PlatformImpl.lambda$runLater$10(PlatformImpl.java:428)
	java.base/java.security.AccessController.doPrivileged(AccessController.java:391)
	com.sun.javafx.application.PlatformImpl.lambda$runLater$11(PlatformImpl.java:427)
	com.sun.glass.ui.InvokeLaterDispatcher$Future.run(InvokeLaterDispatcher.java:96)
	com.sun.glass.ui.win.WinApplication._runLoop(Native Method)
	com.sun.glass.ui.win.WinApplication.lambda$runLoop$3(WinApplication.java:174)
	java.base/java.lang.Thread.run(Thread.java:831)
--- Trace of caller of unhandled exception in Async Thread ---
	java.base/java.lang.Thread.getStackTrace(Thread.java:1596)
	org.testfx.util.WaitForAsyncUtils$ASyncFXCallable.&lt;init&gt;(WaitForAsyncUtils.java:650)
	org.testfx.util.WaitForAsyncUtils.asyncFx(WaitForAsyncUtils.java:258)
	org.testfx.toolkit.impl.ApplicationServiceImpl.start(ApplicationServiceImpl.java:48)
	org.testfx.toolkit.impl.ToolkitServiceImpl.lambda$setupApplication$6(ToolkitServiceImpl.java:127)
	java.base/java.util.concurrent.FutureTask.run(FutureTask.java:264)
	java.base/java.util.concurrent.Executors$RunnableAdapter.call(Executors.java:515)
	java.base/java.util.concurrent.FutureTask.run(FutureTask.java:264)
	java.base/java.util.concurrent.ThreadPoolExecutor.runWorker(ThreadPoolExecutor.java:1130)
	java.base/java.util.concurrent.ThreadPoolExecutor$Worker.run(ThreadPoolExecutor.java:630)
	java.base/java.lang.Thread.run(Thread.java:831)

--- Exception in Async Thread ---
java.util.concurrent.ExecutionException: java.lang.NullPointerException: Cannot invoke &quot;javafx.scene.Node.getLayoutBounds()&quot; because &quot;this.textNode&quot; is null
	java.base/java.util.concurrent.FutureTask.report(FutureTask.java:122)
	java.base/java.util.concurrent.FutureTask.get(FutureTask.java:191)
	org.testfx.util.WaitForAsyncUtils$ASyncFXCallable.get(WaitForAsyncUtils.java:697)
	org.testfx.toolkit.impl.ToolkitServiceImpl.lambda$setupApplication$6(ToolkitServiceImpl.java:127)
	java.base/java.util.concurrent.FutureTask.run(FutureTask.java:264)
	java.base/java.util.concurrent.Executors$RunnableAdapter.call(Executors.java:515)
	java.base/java.util.concurrent.FutureTask.run(FutureTask.java:264)
	java.base/java.util.concurrent.ThreadPoolExecutor.runWorker(ThreadPoolExecutor.java:1130)
	java.base/java.util.concurrent.ThreadPoolExecutor$Worker.run(ThreadPoolExecutor.java:630)
	java.base/java.lang.Thread.run(Thread.java:831)
java.lang.NullPointerException: Cannot invoke &quot;javafx.scene.Node.getLayoutBounds()&quot; because &quot;this.textNode&quot; is null
	com.jfoenix.skins.JFXTextFieldSkin.updateTextPos(JFXTextFieldSkin.java:109)
	com.jfoenix.skins.JFXTextFieldSkin.layoutChildren(JFXTextFieldSkin.java:93)
	javafx.scene.control.Control.layoutChildren(Control.java:601)
	javafx.scene.Parent.layout(Parent.java:1204)
	javafx.scene.Parent.layout(Parent.java:1211)
	javafx.scene.Scene.doLayoutPass(Scene.java:576)
	javafx.scene.Scene.preferredSize(Scene.java:1748)
	javafx.scene.Scene$2.preferredSize(Scene.java:393)
	com.sun.javafx.scene.SceneHelper.preferredSize(SceneHelper.java:66)
	javafx.stage.Window$12.invalidated(Window.java:1086)
	javafx.beans.property.BooleanPropertyBase.markInvalid(BooleanPropertyBase.java:110)
	javafx.beans.property.BooleanPropertyBase.set(BooleanPropertyBase.java:145)
	javafx.stage.Window.setShowing(Window.java:1174)
	javafx.stage.Window.show(Window.java:1189)
	javafx.stage.Stage.show(Stage.java:273)
	Controller.editSongControllerTest.start(editSongControllerTest.java:37)
	org.testfx.framework.junit.ApplicationAdapter.start(ApplicationAdapter.java:41)
	org.testfx.toolkit.impl.ApplicationServiceImpl.lambda$start$0(ApplicationServiceImpl.java:49)
	java.base/java.util.concurrent.FutureTask.run(FutureTask.java:264)
	com.sun.javafx.application.PlatformImpl.lambda$runLater$10(PlatformImpl.java:428)
	java.base/java.security.AccessController.doPrivileged(AccessController.java:391)
	com.sun.javafx.application.PlatformImpl.lambda$runLater$11(PlatformImpl.java:427)
	com.sun.glass.ui.InvokeLaterDispatcher$Future.run(InvokeLaterDispatcher.java:96)
	com.sun.glass.ui.win.WinApplication._runLoop(Native Method)
	com.sun.glass.ui.win.WinApplication.lambda$runLoop$3(WinApplication.java:174)
	java.base/java.lang.Thread.run(Thread.java:831)
--- Trace of caller of unhandled exception in Async Thread ---
	java.base/java.lang.Thread.getStackTrace(Thread.java:1596)
	org.testfx.util.WaitForAsyncUtils$ASyncFXCallable.&lt;init&gt;(WaitForAsyncUtils.java:650)
	org.testfx.util.WaitForAsyncUtils.async(WaitForAsyncUtils.java:193)
	org.testfx.toolkit.impl.ToolkitServiceImpl.setupApplication(ToolkitServiceImpl.java:123)
	org.testfx.api.FxToolkit.setupApplication(FxToolkit.java:153)
	org.testfx.framework.junit.ApplicationTest.internalBefore(ApplicationTest.java:86)
	java.base/jdk.internal.reflect.NativeMethodAccessorImpl.invoke0(Native Method)
	java.base/jdk.internal.reflect.NativeMethodAccessorImpl.invoke(NativeMethodAccessorImpl.java:78)
	java.base/jdk.internal.reflect.DelegatingMethodAccessorImpl.invoke(DelegatingMethodAccessorImpl.java:43)
	java.base/java.lang.reflect.Method.invoke(Method.java:567)
	org.junit.runners.model.FrameworkMethod$1.runReflectiveCall(FrameworkMethod.java:59)
	org.junit.internal.runners.model.ReflectiveCallable.run(ReflectiveCallable.java:12)
	org.junit.runners.model.FrameworkMethod.invokeExplosively(FrameworkMethod.java:56)
	org.junit.internal.runners.statements.RunBefores.invokeMethod(RunBefores.java:33)
	org.junit.internal.runners.statements.RunBefores.evaluate(RunBefores.java:24)
	org.junit.internal.runners.statements.RunAfters.evaluate(RunAfters.java:27)
	org.junit.runners.ParentRunner$3.evaluate(ParentRunner.java:305)
	org.junit.runners.BlockJUnit4ClassRunner$1.evaluate(BlockJUnit4ClassRunner.java:100)
	org.junit.runners.ParentRunner.runLeaf(ParentRunner.java:365)
	org.junit.runners.BlockJUnit4ClassRunner.runChild(BlockJUnit4ClassRunner.java:103)
	org.junit.runners.BlockJUnit4ClassRunner.runChild(BlockJUnit4ClassRunner.java:63)
	org.junit.runners.ParentRunner$4.run(ParentRunner.java:330)
	org.junit.runners.ParentRunner$1.schedule(ParentRunner.java:78)
	org.junit.runners.ParentRunner.runChildren(ParentRunner.java:328)
	org.junit.runners.ParentRunner.access$100(ParentRunner.java:65)
	org.junit.runners.ParentRunner$2.evaluate(ParentRunner.java:292)
	org.junit.runners.ParentRunner$3.evaluate(ParentRunner.java:305)
	org.junit.runners.ParentRunner.run(ParentRunner.java:412)
	org.apache.maven.surefire.junit4.JUnit4Provider.execute(JUnit4Provider.java:252)
	org.apache.maven.surefire.junit4.JUnit4Provider.executeTestSet(JUnit4Provider.java:141)
	org.apache.maven.surefire.junit4.JUnit4Provider.invoke(JUnit4Provider.java:112)
	java.base/jdk.internal.reflect.NativeMethodAccessorImpl.invoke0(Native Method)
	java.base/jdk.internal.reflect.NativeMethodAccessorImpl.invoke(NativeMethodAccessorImpl.java:78)
	java.base/jdk.internal.reflect.DelegatingMethodAccessorImpl.invoke(DelegatingMethodAccessorImpl.java:43)
	java.base/java.lang.reflect.Method.invoke(Method.java:567)
	org.apache.maven.surefire.util.ReflectionUtils.invokeMethodWithArray(ReflectionUtils.java:189)
	org.apache.maven.surefire.booter.ProviderFactory$ProviderProxy.invoke(ProviderFactory.java:165)
	org.apache.maven.surefire.booter.ProviderFactory.invokeProvider(ProviderFactory.java:85)
	org.apache.maven.surefire.booter.ForkedBooter.runSuitesInProcess(ForkedBooter.java:115)
	org.apache.maven.surefire.booter.ForkedBooter.main(ForkedBooter.java:75)

</system-err>
  </testcase>
  <testcase classname="Controller.editSongControllerTest" name="initialize" time="0.583">
    <error message="java.util.concurrent.ExecutionException: java.lang.NullPointerException: Cannot invoke &quot;javafx.scene.Node.getLayoutBounds()&quot; because &quot;this.textNode&quot; is null" type="java.lang.RuntimeException">java.lang.RuntimeException: java.util.concurrent.ExecutionException: java.lang.NullPointerException: Cannot invoke &quot;javafx.scene.Node.getLayoutBounds()&quot; because &quot;this.textNode&quot; is null
	at org.testfx.util.WaitForAsyncUtils.waitFor(WaitForAsyncUtils.java:302)
	at org.testfx.api.FxToolkit.waitForSetup(FxToolkit.java:245)
	at org.testfx.api.FxToolkit.setupApplication(FxToolkit.java:153)
	at org.testfx.framework.junit.ApplicationTest.internalBefore(ApplicationTest.java:86)
	at java.base/jdk.internal.reflect.NativeMethodAccessorImpl.invoke0(Native Method)
	at java.base/jdk.internal.reflect.NativeMethodAccessorImpl.invoke(NativeMethodAccessorImpl.java:78)
	at java.base/jdk.internal.reflect.DelegatingMethodAccessorImpl.invoke(DelegatingMethodAccessorImpl.java:43)
	at java.base/java.lang.reflect.Method.invoke(Method.java:567)
	at org.junit.runners.model.FrameworkMethod$1.runReflectiveCall(FrameworkMethod.java:59)
	at org.junit.internal.runners.model.ReflectiveCallable.run(ReflectiveCallable.java:12)
	at org.junit.runners.model.FrameworkMethod.invokeExplosively(FrameworkMethod.java:56)
	at org.junit.internal.runners.statements.RunBefores.invokeMethod(RunBefores.java:33)
	at org.junit.internal.runners.statements.RunBefores.evaluate(RunBefores.java:24)
	at org.junit.internal.runners.statements.RunAfters.evaluate(RunAfters.java:27)
	at org.junit.runners.ParentRunner$3.evaluate(ParentRunner.java:305)
	at org.junit.runners.BlockJUnit4ClassRunner$1.evaluate(BlockJUnit4ClassRunner.java:100)
	at org.junit.runners.ParentRunner.runLeaf(ParentRunner.java:365)
	at org.junit.runners.BlockJUnit4ClassRunner.runChild(BlockJUnit4ClassRunner.java:103)
	at org.junit.runners.BlockJUnit4ClassRunner.runChild(BlockJUnit4ClassRunner.java:63)
	at org.junit.runners.ParentRunner$4.run(ParentRunner.java:330)
	at org.junit.runners.ParentRunner$1.schedule(ParentRunner.java:78)
	at org.junit.runners.ParentRunner.runChildren(ParentRunner.java:328)
	at org.junit.runners.ParentRunner.access$100(ParentRunner.java:65)
	at org.junit.runners.ParentRunner$2.evaluate(ParentRunner.java:292)
	at org.junit.runners.ParentRunner$3.evaluate(ParentRunner.java:305)
	at org.junit.runners.ParentRunner.run(ParentRunner.java:412)
	at org.apache.maven.surefire.junit4.JUnit4Provider.execute(JUnit4Provider.java:252)
	at org.apache.maven.surefire.junit4.JUnit4Provider.executeTestSet(JUnit4Provider.java:141)
	at org.apache.maven.surefire.junit4.JUnit4Provider.invoke(JUnit4Provider.java:112)
	at java.base/jdk.internal.reflect.NativeMethodAccessorImpl.invoke0(Native Method)
	at java.base/jdk.internal.reflect.NativeMethodAccessorImpl.invoke(NativeMethodAccessorImpl.java:78)
	at java.base/jdk.internal.reflect.DelegatingMethodAccessorImpl.invoke(DelegatingMethodAccessorImpl.java:43)
	at java.base/java.lang.reflect.Method.invoke(Method.java:567)
	at org.apache.maven.surefire.util.ReflectionUtils.invokeMethodWithArray(ReflectionUtils.java:189)
	at org.apache.maven.surefire.booter.ProviderFactory$ProviderProxy.invoke(ProviderFactory.java:165)
	at org.apache.maven.surefire.booter.ProviderFactory.invokeProvider(ProviderFactory.java:85)
	at org.apache.maven.surefire.booter.ForkedBooter.runSuitesInProcess(ForkedBooter.java:115)
	at org.apache.maven.surefire.booter.ForkedBooter.main(ForkedBooter.java:75)
Caused by: java.util.concurrent.ExecutionException: java.lang.NullPointerException: Cannot invoke &quot;javafx.scene.Node.getLayoutBounds()&quot; because &quot;this.textNode&quot; is null
	at java.base/java.util.concurrent.FutureTask.report(FutureTask.java:122)
	at java.base/java.util.concurrent.FutureTask.get(FutureTask.java:191)
	at org.testfx.util.WaitForAsyncUtils$ASyncFXCallable.get(WaitForAsyncUtils.java:697)
	at org.testfx.toolkit.impl.ToolkitServiceImpl.lambda$setupApplication$6(ToolkitServiceImpl.java:127)
	at java.base/java.util.concurrent.FutureTask.run(FutureTask.java:264)
	at java.base/java.util.concurrent.Executors$RunnableAdapter.call(Executors.java:515)
	at java.base/java.util.concurrent.FutureTask.run(FutureTask.java:264)
	at java.base/java.util.concurrent.ThreadPoolExecutor.runWorker(ThreadPoolExecutor.java:1130)
	at java.base/java.util.concurrent.ThreadPoolExecutor$Worker.run(ThreadPoolExecutor.java:630)
	at java.base/java.lang.Thread.run(Thread.java:831)
Caused by: java.lang.NullPointerException: Cannot invoke &quot;javafx.scene.Node.getLayoutBounds()&quot; because &quot;this.textNode&quot; is null
	at com.jfoenix.skins.JFXTextFieldSkin.updateTextPos(JFXTextFieldSkin.java:109)
	at com.jfoenix.skins.JFXTextFieldSkin.layoutChildren(JFXTextFieldSkin.java:93)
	at javafx.scene.control.Control.layoutChildren(Control.java:601)
	at javafx.scene.Parent.layout(Parent.java:1204)
	at javafx.scene.Parent.layout(Parent.java:1211)
	at javafx.scene.Scene.doLayoutPass(Scene.java:576)
	at javafx.scene.Scene.preferredSize(Scene.java:1748)
	at javafx.scene.Scene$2.preferredSize(Scene.java:393)
	at com.sun.javafx.scene.SceneHelper.preferredSize(SceneHelper.java:66)
	at javafx.stage.Window$12.invalidated(Window.java:1086)
	at javafx.beans.property.BooleanPropertyBase.markInvalid(BooleanPropertyBase.java:110)
	at javafx.beans.property.BooleanPropertyBase.set(BooleanPropertyBase.java:145)
	at javafx.stage.Window.setShowing(Window.java:1174)
	at javafx.stage.Window.show(Window.java:1189)
	at javafx.stage.Stage.show(Stage.java:273)
	at Controller.editSongControllerTest.start(editSongControllerTest.java:37)
	at org.testfx.framework.junit.ApplicationAdapter.start(ApplicationAdapter.java:41)
	at org.testfx.toolkit.impl.ApplicationServiceImpl.lambda$start$0(ApplicationServiceImpl.java:49)
	at java.base/java.util.concurrent.FutureTask.run(FutureTask.java:264)
	at com.sun.javafx.application.PlatformImpl.lambda$runLater$10(PlatformImpl.java:428)
	at java.base/java.security.AccessController.doPrivileged(AccessController.java:391)
	at com.sun.javafx.application.PlatformImpl.lambda$runLater$11(PlatformImpl.java:427)
	at com.sun.glass.ui.InvokeLaterDispatcher$Future.run(InvokeLaterDispatcher.java:96)
	at com.sun.glass.ui.win.WinApplication._runLoop(Native Method)
	at com.sun.glass.ui.win.WinApplication.lambda$runLoop$3(WinApplication.java:174)
	... 1 more
</error>
    <system-err>java.lang.IllegalAccessException: class com.jfoenix.skins.JFXTextFieldSkin cannot access a member of class javafx.scene.control.skin.TextFieldSkin with modifiers &quot;private&quot;
	at java.base/jdk.internal.reflect.Reflection.newIllegalAccessException(Reflection.java:385)
	at java.base/java.lang.reflect.AccessibleObject.checkAccess(AccessibleObject.java:687)
	at java.base/java.lang.reflect.Field.checkAccess(Field.java:1096)
	at java.base/java.lang.reflect.Field.get(Field.java:417)
	at com.jfoenix.skins.JFXTextFieldSkin.createPromptNode(JFXTextFieldSkin.java:152)
	at com.jfoenix.skins.JFXTextFieldSkin.lambda$new$1(JFXTextFieldSkin.java:70)
	at com.jfoenix.skins.PromptLinesWrapper.init(PromptLinesWrapper.java:121)
	at com.jfoenix.skins.JFXTextFieldSkin.&lt;init&gt;(JFXTextFieldSkin.java:70)
	at com.jfoenix.controls.JFXTextField.createDefaultSkin(JFXTextField.java:70)
	at javafx.scene.control.Control.doProcessCSS(Control.java:897)
	at javafx.scene.control.Control.access$000(Control.java:83)
	at javafx.scene.control.Control$1.doProcessCSS(Control.java:89)
	at com.sun.javafx.scene.control.ControlHelper.processCSSImpl(ControlHelper.java:67)
	at com.sun.javafx.scene.NodeHelper.processCSS(NodeHelper.java:145)
	at javafx.scene.Parent.doProcessCSS(Parent.java:1397)
	at javafx.scene.Parent.access$400(Parent.java:79)
	at javafx.scene.Parent$1.doProcessCSS(Parent.java:125)
	at com.sun.javafx.scene.ParentHelper.processCSSImpl(ParentHelper.java:98)
	at com.sun.javafx.scene.NodeHelper.processCSS(NodeHelper.java:145)
	at javafx.scene.Node.processCSS(Node.java:9529)
	at javafx.scene.Scene.doCSSPass(Scene.java:569)
	at javafx.scene.Scene.preferredSize(Scene.java:1745)
	at javafx.scene.Scene$2.preferredSize(Scene.java:393)
	at com.sun.javafx.scene.SceneHelper.preferredSize(SceneHelper.java:66)
	at javafx.stage.Window$12.invalidated(Window.java:1086)
	at javafx.beans.property.BooleanPropertyBase.markInvalid(BooleanPropertyBase.java:110)
	at javafx.beans.property.BooleanPropertyBase.set(BooleanPropertyBase.java:145)
	at javafx.stage.Window.setShowing(Window.java:1174)
	at javafx.stage.Window.show(Window.java:1189)
	at javafx.stage.Stage.show(Stage.java:273)
	at Controller.editSongControllerTest.start(editSongControllerTest.java:37)
	at org.testfx.framework.junit.ApplicationAdapter.start(ApplicationAdapter.java:41)
	at org.testfx.toolkit.impl.ApplicationServiceImpl.lambda$start$0(ApplicationServiceImpl.java:49)
	at java.base/java.util.concurrent.FutureTask.run(FutureTask.java:264)
	at com.sun.javafx.application.PlatformImpl.lambda$runLater$10(PlatformImpl.java:428)
	at java.base/java.security.AccessController.doPrivileged(AccessController.java:391)
	at com.sun.javafx.application.PlatformImpl.lambda$runLater$11(PlatformImpl.java:427)
	at com.sun.glass.ui.InvokeLaterDispatcher$Future.run(InvokeLaterDispatcher.java:96)
	at com.sun.glass.ui.win.WinApplication._runLoop(Native Method)
	at com.sun.glass.ui.win.WinApplication.lambda$runLoop$3(WinApplication.java:174)
	at java.base/java.lang.Thread.run(Thread.java:831)
java.lang.IllegalAccessException: class com.jfoenix.skins.JFXTextFieldSkin cannot access a member of class javafx.scene.control.skin.TextFieldSkin with modifiers &quot;private&quot;
	at java.base/jdk.internal.reflect.Reflection.newIllegalAccessException(Reflection.java:385)
	at java.base/java.lang.reflect.AccessibleObject.checkAccess(AccessibleObject.java:687)
	at java.base/java.lang.reflect.Field.checkAccess(Field.java:1096)
	at java.base/java.lang.reflect.Field.get(Field.java:417)
	at com.jfoenix.skins.JFXTextFieldSkin.createPromptNode(JFXTextFieldSkin.java:152)
	at com.jfoenix.skins.JFXTextFieldSkin.lambda$new$1(JFXTextFieldSkin.java:70)
	at com.jfoenix.skins.PromptLinesWrapper.init(PromptLinesWrapper.java:121)
	at com.jfoenix.skins.JFXTextFieldSkin.&lt;init&gt;(JFXTextFieldSkin.java:70)
	at com.jfoenix.controls.JFXTextField.createDefaultSkin(JFXTextField.java:70)
	at javafx.scene.control.Control.doProcessCSS(Control.java:897)
	at javafx.scene.control.Control.access$000(Control.java:83)
	at javafx.scene.control.Control$1.doProcessCSS(Control.java:89)
	at com.sun.javafx.scene.control.ControlHelper.processCSSImpl(ControlHelper.java:67)
	at com.sun.javafx.scene.NodeHelper.processCSS(NodeHelper.java:145)
	at javafx.scene.Parent.doProcessCSS(Parent.java:1397)
	at javafx.scene.Parent.access$400(Parent.java:79)
	at javafx.scene.Parent$1.doProcessCSS(Parent.java:125)
	at com.sun.javafx.scene.ParentHelper.processCSSImpl(ParentHelper.java:98)
	at com.sun.javafx.scene.NodeHelper.processCSS(NodeHelper.java:145)
	at javafx.scene.Node.processCSS(Node.java:9529)
	at javafx.scene.Scene.doCSSPass(Scene.java:569)
	at javafx.scene.Scene.preferredSize(Scene.java:1745)
	at javafx.scene.Scene$2.preferredSize(Scene.java:393)
	at com.sun.javafx.scene.SceneHelper.preferredSize(SceneHelper.java:66)
	at javafx.stage.Window$12.invalidated(Window.java:1086)
	at javafx.beans.property.BooleanPropertyBase.markInvalid(BooleanPropertyBase.java:110)
	at javafx.beans.property.BooleanPropertyBase.set(BooleanPropertyBase.java:145)
	at javafx.stage.Window.setShowing(Window.java:1174)
	at javafx.stage.Window.show(Window.java:1189)
	at javafx.stage.Stage.show(Stage.java:273)
	at Controller.editSongControllerTest.start(editSongControllerTest.java:37)
	at org.testfx.framework.junit.ApplicationAdapter.start(ApplicationAdapter.java:41)
	at org.testfx.toolkit.impl.ApplicationServiceImpl.lambda$start$0(ApplicationServiceImpl.java:49)
	at java.base/java.util.concurrent.FutureTask.run(FutureTask.java:264)
	at com.sun.javafx.application.PlatformImpl.lambda$runLater$10(PlatformImpl.java:428)
	at java.base/java.security.AccessController.doPrivileged(AccessController.java:391)
	at com.sun.javafx.application.PlatformImpl.lambda$runLater$11(PlatformImpl.java:427)
	at com.sun.glass.ui.InvokeLaterDispatcher$Future.run(InvokeLaterDispatcher.java:96)
	at com.sun.glass.ui.win.WinApplication._runLoop(Native Method)
	at com.sun.glass.ui.win.WinApplication.lambda$runLoop$3(WinApplication.java:174)
	at java.base/java.lang.Thread.run(Thread.java:831)
java.lang.IllegalAccessException: class com.jfoenix.skins.JFXTextFieldSkin cannot access a member of class javafx.scene.control.skin.TextFieldSkin with modifiers &quot;private&quot;
	at java.base/jdk.internal.reflect.Reflection.newIllegalAccessException(Reflection.java:385)
	at java.base/java.lang.reflect.AccessibleObject.checkAccess(AccessibleObject.java:687)
	at java.base/java.lang.reflect.Field.checkAccess(Field.java:1096)
	at java.base/java.lang.reflect.Field.get(Field.java:417)
	at com.jfoenix.skins.JFXTextFieldSkin.createPromptNode(JFXTextFieldSkin.java:152)
	at com.jfoenix.skins.JFXTextFieldSkin.lambda$new$1(JFXTextFieldSkin.java:70)
	at com.jfoenix.skins.PromptLinesWrapper.init(PromptLinesWrapper.java:121)
	at com.jfoenix.skins.JFXTextFieldSkin.&lt;init&gt;(JFXTextFieldSkin.java:70)
	at com.jfoenix.controls.JFXTextField.createDefaultSkin(JFXTextField.java:70)
	at javafx.scene.control.Control.doProcessCSS(Control.java:897)
	at javafx.scene.control.Control.access$000(Control.java:83)
	at javafx.scene.control.Control$1.doProcessCSS(Control.java:89)
	at com.sun.javafx.scene.control.ControlHelper.processCSSImpl(ControlHelper.java:67)
	at com.sun.javafx.scene.NodeHelper.processCSS(NodeHelper.java:145)
	at javafx.scene.Parent.doProcessCSS(Parent.java:1397)
	at javafx.scene.Parent.access$400(Parent.java:79)
	at javafx.scene.Parent$1.doProcessCSS(Parent.java:125)
	at com.sun.javafx.scene.ParentHelper.processCSSImpl(ParentHelper.java:98)
	at com.sun.javafx.scene.NodeHelper.processCSS(NodeHelper.java:145)
	at javafx.scene.Node.processCSS(Node.java:9529)
	at javafx.scene.Scene.doCSSPass(Scene.java:569)
	at javafx.scene.Scene.preferredSize(Scene.java:1745)
	at javafx.scene.Scene$2.preferredSize(Scene.java:393)
	at com.sun.javafx.scene.SceneHelper.preferredSize(SceneHelper.java:66)
	at javafx.stage.Window$12.invalidated(Window.java:1086)
	at javafx.beans.property.BooleanPropertyBase.markInvalid(BooleanPropertyBase.java:110)
	at javafx.beans.property.BooleanPropertyBase.set(BooleanPropertyBase.java:145)
	at javafx.stage.Window.setShowing(Window.java:1174)
	at javafx.stage.Window.show(Window.java:1189)
	at javafx.stage.Stage.show(Stage.java:273)
	at Controller.editSongControllerTest.start(editSongControllerTest.java:37)
	at org.testfx.framework.junit.ApplicationAdapter.start(ApplicationAdapter.java:41)
	at org.testfx.toolkit.impl.ApplicationServiceImpl.lambda$start$0(ApplicationServiceImpl.java:49)
	at java.base/java.util.concurrent.FutureTask.run(FutureTask.java:264)
	at com.sun.javafx.application.PlatformImpl.lambda$runLater$10(PlatformImpl.java:428)
	at java.base/java.security.AccessController.doPrivileged(AccessController.java:391)
	at com.sun.javafx.application.PlatformImpl.lambda$runLater$11(PlatformImpl.java:427)
	at com.sun.glass.ui.InvokeLaterDispatcher$Future.run(InvokeLaterDispatcher.java:96)
	at com.sun.glass.ui.win.WinApplication._runLoop(Native Method)
	at com.sun.glass.ui.win.WinApplication.lambda$runLoop$3(WinApplication.java:174)
	at java.base/java.lang.Thread.run(Thread.java:831)
--- Exception in Async Thread ---
java.lang.NullPointerException: Cannot invoke &quot;javafx.scene.Node.getLayoutBounds()&quot; because &quot;this.textNode&quot; is null
	com.jfoenix.skins.JFXTextFieldSkin.updateTextPos(JFXTextFieldSkin.java:109)
	com.jfoenix.skins.JFXTextFieldSkin.layoutChildren(JFXTextFieldSkin.java:93)
	javafx.scene.control.Control.layoutChildren(Control.java:601)
	javafx.scene.Parent.layout(Parent.java:1204)
	javafx.scene.Parent.layout(Parent.java:1211)
	javafx.scene.Scene.doLayoutPass(Scene.java:576)
	javafx.scene.Scene.preferredSize(Scene.java:1748)
	javafx.scene.Scene$2.preferredSize(Scene.java:393)
	com.sun.javafx.scene.SceneHelper.preferredSize(SceneHelper.java:66)
	javafx.stage.Window$12.invalidated(Window.java:1086)
	javafx.beans.property.BooleanPropertyBase.markInvalid(BooleanPropertyBase.java:110)
	javafx.beans.property.BooleanPropertyBase.set(BooleanPropertyBase.java:145)
	javafx.stage.Window.setShowing(Window.java:1174)
	javafx.stage.Window.show(Window.java:1189)
	javafx.stage.Stage.show(Stage.java:273)
	Controller.editSongControllerTest.start(editSongControllerTest.java:37)
	org.testfx.framework.junit.ApplicationAdapter.start(ApplicationAdapter.java:41)
	org.testfx.toolkit.impl.ApplicationServiceImpl.lambda$start$0(ApplicationServiceImpl.java:49)
	java.base/java.util.concurrent.FutureTask.run(FutureTask.java:264)
	com.sun.javafx.application.PlatformImpl.lambda$runLater$10(PlatformImpl.java:428)
	java.base/java.security.AccessController.doPrivileged(AccessController.java:391)
	com.sun.javafx.application.PlatformImpl.lambda$runLater$11(PlatformImpl.java:427)
	com.sun.glass.ui.InvokeLaterDispatcher$Future.run(InvokeLaterDispatcher.java:96)
	com.sun.glass.ui.win.WinApplication._runLoop(Native Method)
	com.sun.glass.ui.win.WinApplication.lambda$runLoop$3(WinApplication.java:174)
	java.base/java.lang.Thread.run(Thread.java:831)
--- Trace of caller of unhandled exception in Async Thread ---
	java.base/java.lang.Thread.getStackTrace(Thread.java:1596)
	org.testfx.util.WaitForAsyncUtils$ASyncFXCallable.&lt;init&gt;(WaitForAsyncUtils.java:650)
	org.testfx.util.WaitForAsyncUtils.asyncFx(WaitForAsyncUtils.java:258)
	org.testfx.toolkit.impl.ApplicationServiceImpl.start(ApplicationServiceImpl.java:48)
	org.testfx.toolkit.impl.ToolkitServiceImpl.lambda$setupApplication$6(ToolkitServiceImpl.java:127)
	java.base/java.util.concurrent.FutureTask.run(FutureTask.java:264)
	java.base/java.util.concurrent.Executors$RunnableAdapter.call(Executors.java:515)
	java.base/java.util.concurrent.FutureTask.run(FutureTask.java:264)
	java.base/java.util.concurrent.ThreadPoolExecutor.runWorker(ThreadPoolExecutor.java:1130)
	java.base/java.util.concurrent.ThreadPoolExecutor$Worker.run(ThreadPoolExecutor.java:630)
	java.base/java.lang.Thread.run(Thread.java:831)

--- Exception in Async Thread ---
java.util.concurrent.ExecutionException: java.lang.NullPointerException: Cannot invoke &quot;javafx.scene.Node.getLayoutBounds()&quot; because &quot;this.textNode&quot; is null
	java.base/java.util.concurrent.FutureTask.report(FutureTask.java:122)
	java.base/java.util.concurrent.FutureTask.get(FutureTask.java:191)
	org.testfx.util.WaitForAsyncUtils$ASyncFXCallable.get(WaitForAsyncUtils.java:697)
	org.testfx.toolkit.impl.ToolkitServiceImpl.lambda$setupApplication$6(ToolkitServiceImpl.java:127)
	java.base/java.util.concurrent.FutureTask.run(FutureTask.java:264)
	java.base/java.util.concurrent.Executors$RunnableAdapter.call(Executors.java:515)
	java.base/java.util.concurrent.FutureTask.run(FutureTask.java:264)
	java.base/java.util.concurrent.ThreadPoolExecutor.runWorker(ThreadPoolExecutor.java:1130)
	java.base/java.util.concurrent.ThreadPoolExecutor$Worker.run(ThreadPoolExecutor.java:630)
	java.base/java.lang.Thread.run(Thread.java:831)
java.lang.NullPointerException: Cannot invoke &quot;javafx.scene.Node.getLayoutBounds()&quot; because &quot;this.textNode&quot; is null
	com.jfoenix.skins.JFXTextFieldSkin.updateTextPos(JFXTextFieldSkin.java:109)
	com.jfoenix.skins.JFXTextFieldSkin.layoutChildren(JFXTextFieldSkin.java:93)
	javafx.scene.control.Control.layoutChildren(Control.java:601)
	javafx.scene.Parent.layout(Parent.java:1204)
	javafx.scene.Parent.layout(Parent.java:1211)
	javafx.scene.Scene.doLayoutPass(Scene.java:576)
	javafx.scene.Scene.preferredSize(Scene.java:1748)
	javafx.scene.Scene$2.preferredSize(Scene.java:393)
	com.sun.javafx.scene.SceneHelper.preferredSize(SceneHelper.java:66)
	javafx.stage.Window$12.invalidated(Window.java:1086)
	javafx.beans.property.BooleanPropertyBase.markInvalid(BooleanPropertyBase.java:110)
	javafx.beans.property.BooleanPropertyBase.set(BooleanPropertyBase.java:145)
	javafx.stage.Window.setShowing(Window.java:1174)
	javafx.stage.Window.show(Window.java:1189)
	javafx.stage.Stage.show(Stage.java:273)
	Controller.editSongControllerTest.start(editSongControllerTest.java:37)
	org.testfx.framework.junit.ApplicationAdapter.start(ApplicationAdapter.java:41)
	org.testfx.toolkit.impl.ApplicationServiceImpl.lambda$start$0(ApplicationServiceImpl.java:49)
	java.base/java.util.concurrent.FutureTask.run(FutureTask.java:264)
	com.sun.javafx.application.PlatformImpl.lambda$runLater$10(PlatformImpl.java:428)
	java.base/java.security.AccessController.doPrivileged(AccessController.java:391)
	com.sun.javafx.application.PlatformImpl.lambda$runLater$11(PlatformImpl.java:427)
	com.sun.glass.ui.InvokeLaterDispatcher$Future.run(InvokeLaterDispatcher.java:96)
	com.sun.glass.ui.win.WinApplication._runLoop(Native Method)
	com.sun.glass.ui.win.WinApplication.lambda$runLoop$3(WinApplication.java:174)
	java.base/java.lang.Thread.run(Thread.java:831)
--- Trace of caller of unhandled exception in Async Thread ---
	java.base/java.lang.Thread.getStackTrace(Thread.java:1596)
	org.testfx.util.WaitForAsyncUtils$ASyncFXCallable.&lt;init&gt;(WaitForAsyncUtils.java:650)
	org.testfx.util.WaitForAsyncUtils.async(WaitForAsyncUtils.java:193)
	org.testfx.toolkit.impl.ToolkitServiceImpl.setupApplication(ToolkitServiceImpl.java:123)
	org.testfx.api.FxToolkit.setupApplication(FxToolkit.java:153)
	org.testfx.framework.junit.ApplicationTest.internalBefore(ApplicationTest.java:86)
	java.base/jdk.internal.reflect.NativeMethodAccessorImpl.invoke0(Native Method)
	java.base/jdk.internal.reflect.NativeMethodAccessorImpl.invoke(NativeMethodAccessorImpl.java:78)
	java.base/jdk.internal.reflect.DelegatingMethodAccessorImpl.invoke(DelegatingMethodAccessorImpl.java:43)
	java.base/java.lang.reflect.Method.invoke(Method.java:567)
	org.junit.runners.model.FrameworkMethod$1.runReflectiveCall(FrameworkMethod.java:59)
	org.junit.internal.runners.model.ReflectiveCallable.run(ReflectiveCallable.java:12)
	org.junit.runners.model.FrameworkMethod.invokeExplosively(FrameworkMethod.java:56)
	org.junit.internal.runners.statements.RunBefores.invokeMethod(RunBefores.java:33)
	org.junit.internal.runners.statements.RunBefores.evaluate(RunBefores.java:24)
	org.junit.internal.runners.statements.RunAfters.evaluate(RunAfters.java:27)
	org.junit.runners.ParentRunner$3.evaluate(ParentRunner.java:305)
	org.junit.runners.BlockJUnit4ClassRunner$1.evaluate(BlockJUnit4ClassRunner.java:100)
	org.junit.runners.ParentRunner.runLeaf(ParentRunner.java:365)
	org.junit.runners.BlockJUnit4ClassRunner.runChild(BlockJUnit4ClassRunner.java:103)
	org.junit.runners.BlockJUnit4ClassRunner.runChild(BlockJUnit4ClassRunner.java:63)
	org.junit.runners.ParentRunner$4.run(ParentRunner.java:330)
	org.junit.runners.ParentRunner$1.schedule(ParentRunner.java:78)
	org.junit.runners.ParentRunner.runChildren(ParentRunner.java:328)
	org.junit.runners.ParentRunner.access$100(ParentRunner.java:65)
	org.junit.runners.ParentRunner$2.evaluate(ParentRunner.java:292)
	org.junit.runners.ParentRunner$3.evaluate(ParentRunner.java:305)
	org.junit.runners.ParentRunner.run(ParentRunner.java:412)
	org.apache.maven.surefire.junit4.JUnit4Provider.execute(JUnit4Provider.java:252)
	org.apache.maven.surefire.junit4.JUnit4Provider.executeTestSet(JUnit4Provider.java:141)
	org.apache.maven.surefire.junit4.JUnit4Provider.invoke(JUnit4Provider.java:112)
	java.base/jdk.internal.reflect.NativeMethodAccessorImpl.invoke0(Native Method)
	java.base/jdk.internal.reflect.NativeMethodAccessorImpl.invoke(NativeMethodAccessorImpl.java:78)
	java.base/jdk.internal.reflect.DelegatingMethodAccessorImpl.invoke(DelegatingMethodAccessorImpl.java:43)
	java.base/java.lang.reflect.Method.invoke(Method.java:567)
	org.apache.maven.surefire.util.ReflectionUtils.invokeMethodWithArray(ReflectionUtils.java:189)
	org.apache.maven.surefire.booter.ProviderFactory$ProviderProxy.invoke(ProviderFactory.java:165)
	org.apache.maven.surefire.booter.ProviderFactory.invokeProvider(ProviderFactory.java:85)
	org.apache.maven.surefire.booter.ForkedBooter.runSuitesInProcess(ForkedBooter.java:115)
	org.apache.maven.surefire.booter.ForkedBooter.main(ForkedBooter.java:75)

</system-err>
  </testcase>
</testsuite>