<?xml version="1.0" encoding="UTF-8" ?>
<testsuite tests="4" failures="0" name="Model.Mp3playerTest" time="0.938" errors="0" skipped="0">
  <properties>
[...]
</properties>
  <testcase classname="Model.Mp3playerTest" name="nextWhenSongsAreLoaded" time="0.253"/>
  <testcase classname="Model.Mp3playerTest" name="setAutoreplayCyclicBehaviorOnPlayer" time="0.232"/>
  <testcase classname="Model.Mp3playerTest" name="prevWhenSongsAreOnThePlayer" time="0.224"/>
  <testcase classname="Model.Mp3playerTest" name="loadSongsSuccess" time="0.229"/>
</testsuite>